2019-04-20 12:55:45,398 - INFO - allennlp.common.from_params - instantiating class <class 'allennlp.data.dataset_readers.dataset_reader.DatasetReader'> from params {'token_indexers': {'tokens': {'pretrained_model': 'bert-base-uncased', 'type': 'bert-pretrained'}}, 'type': 'sst_tokens'} and extras {}
2019-04-20 12:55:45,398 - INFO - allennlp.common.params - dataset_reader.type = sst_tokens
2019-04-20 12:55:45,399 - INFO - allennlp.common.from_params - instantiating class <class 'allennlp.data.dataset_readers.stanford_sentiment_tree_bank.StanfordSentimentTreeBankDatasetReader'> from params {'token_indexers': {'tokens': {'pretrained_model': 'bert-base-uncased', 'type': 'bert-pretrained'}}} and extras {}
2019-04-20 12:55:45,399 - INFO - allennlp.common.from_params - instantiating class allennlp.data.token_indexers.token_indexer.TokenIndexer from params {'pretrained_model': 'bert-base-uncased', 'type': 'bert-pretrained'} and extras {}
2019-04-20 12:55:45,399 - INFO - allennlp.common.params - dataset_reader.token_indexers.tokens.type = bert-pretrained
2019-04-20 12:55:45,399 - INFO - allennlp.common.from_params - instantiating class allennlp.data.token_indexers.wordpiece_indexer.PretrainedBertIndexer from params {'pretrained_model': 'bert-base-uncased'} and extras {}
2019-04-20 12:55:45,399 - INFO - allennlp.common.params - dataset_reader.token_indexers.tokens.pretrained_model = bert-base-uncased
2019-04-20 12:55:45,399 - INFO - allennlp.common.params - dataset_reader.token_indexers.tokens.use_starting_offsets = False
2019-04-20 12:55:45,399 - INFO - allennlp.common.params - dataset_reader.token_indexers.tokens.do_lowercase = True
2019-04-20 12:55:45,399 - INFO - allennlp.common.params - dataset_reader.token_indexers.tokens.never_lowercase = None
2019-04-20 12:55:45,399 - INFO - allennlp.common.params - dataset_reader.token_indexers.tokens.max_pieces = 512
2019-04-20 12:55:45,962 - INFO - pytorch_pretrained_bert.tokenization - loading vocabulary file https://s3.amazonaws.com/models.huggingface.co/bert/bert-base-uncased-vocab.txt from cache at /home/mariia/.pytorch_pretrained_bert/26bc1ad6c0ac742e9b52263248f6d0f00068293b33709fae12320c0e35ccfbbb.542ce4285a40d23a559526243235df47c5f75c197f04f37d1a0c124c32c9a084
2019-04-20 12:55:46,000 - INFO - allennlp.common.params - dataset_reader.use_subtrees = False
2019-04-20 12:55:46,001 - INFO - allennlp.common.params - dataset_reader.granularity = 5-class
2019-04-20 12:55:46,001 - INFO - allennlp.common.params - dataset_reader.lazy = False
2019-04-20 12:55:46,001 - INFO - allennlp.common.params - validation_dataset_reader = None
2019-04-20 12:55:46,001 - INFO - allennlp.common.params - train_data_path = ../trees/train.txt
2019-04-20 12:55:46,001 - INFO - allennlp.commands.train - Reading training data from ../trees/train.txt
2019-04-20 12:55:46,001 - INFO - allennlp.data.dataset_readers.stanford_sentiment_tree_bank - Reading instances from lines in file at: ../trees/train.txt
2019-04-20 12:55:47,414 - INFO - allennlp.common.params - validation_data_path = ../trees/dev.txt
2019-04-20 12:55:47,414 - INFO - allennlp.commands.train - Reading validation data from ../trees/dev.txt
2019-04-20 12:55:47,414 - INFO - allennlp.data.dataset_readers.stanford_sentiment_tree_bank - Reading instances from lines in file at: ../trees/dev.txt
2019-04-20 12:55:47,679 - INFO - allennlp.common.params - test_data_path = None
2019-04-20 12:55:47,679 - INFO - allennlp.commands.train - From dataset instances, train, validation will be considered for vocabulary creation.
2019-04-20 12:55:47,679 - INFO - allennlp.common.params - vocabulary.type = None
2019-04-20 12:55:47,679 - INFO - allennlp.common.params - vocabulary.extend = False
2019-04-20 12:55:47,679 - INFO - allennlp.common.params - vocabulary.directory_path = None
2019-04-20 12:55:47,679 - INFO - allennlp.common.params - vocabulary.min_count = None
2019-04-20 12:55:47,679 - INFO - allennlp.common.params - vocabulary.max_vocab_size = None
2019-04-20 12:55:47,679 - INFO - allennlp.common.params - vocabulary.non_padded_namespaces = ('*tags', '*labels')
2019-04-20 12:55:47,679 - INFO - allennlp.common.params - vocabulary.min_pretrained_embeddings = None
2019-04-20 12:55:47,679 - INFO - allennlp.common.params - vocabulary.only_include_pretrained_words = False
2019-04-20 12:55:47,679 - INFO - allennlp.common.params - vocabulary.tokens_to_add = None
2019-04-20 12:55:47,679 - INFO - allennlp.data.vocabulary - Fitting token dictionary from dataset.
2019-04-20 12:55:47,722 - INFO - allennlp.common.from_params - instantiating class <class 'allennlp.models.model.Model'> from params {'encoder': {'hidden_size': 128, 'input_size': 768, 'type': 'lstm'}, 'type': 'lstm_classifier', 'word_embeddings': {'allow_unmatched_keys': True, 'embedder_to_indexer_map': {'tokens': ['tokens', 'tokens-offsets']}, 'token_embedders': {'tokens': {'pretrained_model': 'bert-base-uncased', 'type': 'bert-pretrained'}}}} and extras {'vocab': Vocabulary with namespaces:  labels, Size: 5 || Non Padded Namespaces: {'*tags', '*labels'}}
2019-04-20 12:55:47,723 - INFO - allennlp.common.params - model.type = lstm_classifier
2019-04-20 12:55:47,723 - INFO - allennlp.common.from_params - instantiating class <class 'classifiers.models.lstm_classifier.LstmClassifier'> from params {'encoder': {'hidden_size': 128, 'input_size': 768, 'type': 'lstm'}, 'word_embeddings': {'allow_unmatched_keys': True, 'embedder_to_indexer_map': {'tokens': ['tokens', 'tokens-offsets']}, 'token_embedders': {'tokens': {'pretrained_model': 'bert-base-uncased', 'type': 'bert-pretrained'}}}} and extras {'vocab': Vocabulary with namespaces:  labels, Size: 5 || Non Padded Namespaces: {'*tags', '*labels'}}
2019-04-20 12:55:47,723 - INFO - allennlp.common.from_params - instantiating class <class 'allennlp.modules.text_field_embedders.text_field_embedder.TextFieldEmbedder'> from params {'allow_unmatched_keys': True, 'embedder_to_indexer_map': {'tokens': ['tokens', 'tokens-offsets']}, 'token_embedders': {'tokens': {'pretrained_model': 'bert-base-uncased', 'type': 'bert-pretrained'}}} and extras {'vocab': Vocabulary with namespaces:  labels, Size: 5 || Non Padded Namespaces: {'*tags', '*labels'}}
2019-04-20 12:55:47,723 - INFO - allennlp.common.params - model.word_embeddings.type = basic
2019-04-20 12:55:47,723 - INFO - allennlp.common.params - model.word_embeddings.allow_unmatched_keys = True
2019-04-20 12:55:47,723 - INFO - allennlp.common.from_params - instantiating class <class 'allennlp.modules.token_embedders.token_embedder.TokenEmbedder'> from params {'pretrained_model': 'bert-base-uncased', 'type': 'bert-pretrained'} and extras {'vocab': Vocabulary with namespaces:  labels, Size: 5 || Non Padded Namespaces: {'*tags', '*labels'}}
2019-04-20 12:55:47,723 - INFO - allennlp.common.params - model.word_embeddings.token_embedders.tokens.type = bert-pretrained
2019-04-20 12:55:47,723 - INFO - allennlp.common.from_params - instantiating class <class 'allennlp.modules.token_embedders.bert_token_embedder.PretrainedBertEmbedder'> from params {'pretrained_model': 'bert-base-uncased'} and extras {'vocab': Vocabulary with namespaces:  labels, Size: 5 || Non Padded Namespaces: {'*tags', '*labels'}}
2019-04-20 12:55:47,724 - INFO - allennlp.common.params - model.word_embeddings.token_embedders.tokens.pretrained_model = bert-base-uncased
2019-04-20 12:55:47,724 - INFO - allennlp.common.params - model.word_embeddings.token_embedders.tokens.requires_grad = False
2019-04-20 12:55:47,724 - INFO - allennlp.common.params - model.word_embeddings.token_embedders.tokens.top_layer_only = False
2019-04-20 12:55:48,251 - INFO - pytorch_pretrained_bert.modeling - loading archive file https://s3.amazonaws.com/models.huggingface.co/bert/bert-base-uncased.tar.gz from cache at /home/mariia/.pytorch_pretrained_bert/9c41111e2de84547a463fd39217199738d1e3deb72d4fec4399e6e241983c6f0.ae3cef932725ca7a30cdcb93fc6e09150a55e2a130ec7af63975a16c153ae2ba
2019-04-20 12:55:48,252 - INFO - pytorch_pretrained_bert.modeling - extracting archive file /home/mariia/.pytorch_pretrained_bert/9c41111e2de84547a463fd39217199738d1e3deb72d4fec4399e6e241983c6f0.ae3cef932725ca7a30cdcb93fc6e09150a55e2a130ec7af63975a16c153ae2ba to temp dir /tmp/tmphb3ntxla
2019-04-20 12:55:51,323 - INFO - pytorch_pretrained_bert.modeling - Model config {
  "attention_probs_dropout_prob": 0.1,
  "hidden_act": "gelu",
  "hidden_dropout_prob": 0.1,
  "hidden_size": 768,
  "initializer_range": 0.02,
  "intermediate_size": 3072,
  "max_position_embeddings": 512,
  "num_attention_heads": 12,
  "num_hidden_layers": 12,
  "type_vocab_size": 2,
  "vocab_size": 30522
}

2019-04-20 12:55:52,956 - INFO - allennlp.common.from_params - instantiating class <class 'allennlp.modules.seq2vec_encoders.seq2vec_encoder.Seq2VecEncoder'> from params {'hidden_size': 128, 'input_size': 768, 'type': 'lstm'} and extras {'vocab': Vocabulary with namespaces:  labels, Size: 5 || Non Padded Namespaces: {'*tags', '*labels'}}
2019-04-20 12:55:52,956 - INFO - allennlp.common.params - model.encoder.type = lstm
2019-04-20 12:55:52,956 - INFO - allennlp.common.params - model.encoder.batch_first = True
2019-04-20 12:55:52,956 - INFO - allennlp.common.params - Converting Params object to dict; logging of default values will not occur when dictionary parameters are used subsequently.
2019-04-20 12:55:52,956 - INFO - allennlp.common.params - CURRENTLY DEFINED PARAMETERS: 
2019-04-20 12:55:52,957 - INFO - allennlp.common.params - model.encoder.hidden_size = 128
2019-04-20 12:55:52,957 - INFO - allennlp.common.params - model.encoder.input_size = 768
2019-04-20 12:55:52,957 - INFO - allennlp.common.params - model.encoder.batch_first = True
2019-04-20 12:55:52,960 - INFO - allennlp.common.params - model.positive_label = 4
2019-04-20 12:55:52,960 - INFO - allennlp.common.from_params - instantiating class <class 'allennlp.data.iterators.data_iterator.DataIterator'> from params {'batch_size': 32, 'sorting_keys': [['tokens', 'num_tokens']], 'type': 'bucket'} and extras {}
2019-04-20 12:55:52,960 - INFO - allennlp.common.params - iterator.type = bucket
2019-04-20 12:55:52,960 - INFO - allennlp.common.from_params - instantiating class <class 'allennlp.data.iterators.bucket_iterator.BucketIterator'> from params {'batch_size': 32, 'sorting_keys': [['tokens', 'num_tokens']]} and extras {}
2019-04-20 12:55:52,961 - INFO - allennlp.common.params - iterator.sorting_keys = [['tokens', 'num_tokens']]
2019-04-20 12:55:52,961 - INFO - allennlp.common.params - iterator.padding_noise = 0.1
2019-04-20 12:55:52,961 - INFO - allennlp.common.params - iterator.biggest_batch_first = False
2019-04-20 12:55:52,961 - INFO - allennlp.common.params - iterator.batch_size = 32
2019-04-20 12:55:52,961 - INFO - allennlp.common.params - iterator.instances_per_epoch = None
2019-04-20 12:55:52,961 - INFO - allennlp.common.params - iterator.max_instances_in_memory = None
2019-04-20 12:55:52,961 - INFO - allennlp.common.params - iterator.cache_instances = False
2019-04-20 12:55:52,961 - INFO - allennlp.common.params - iterator.track_epoch = False
2019-04-20 12:55:52,961 - INFO - allennlp.common.params - iterator.maximum_samples_per_batch = None
2019-04-20 12:55:52,961 - INFO - allennlp.common.params - validation_iterator = None
2019-04-20 12:55:52,961 - INFO - allennlp.common.params - trainer.no_grad = ()
2019-04-20 12:55:52,962 - INFO - allennlp.commands.train - Following parameters are Frozen  (without gradient):
2019-04-20 12:55:52,962 - INFO - allennlp.commands.train - word_embeddings.token_embedder_tokens.bert_model.embeddings.word_embeddings.weight
2019-04-20 12:55:52,962 - INFO - allennlp.commands.train - word_embeddings.token_embedder_tokens.bert_model.embeddings.position_embeddings.weight
2019-04-20 12:55:52,962 - INFO - allennlp.commands.train - word_embeddings.token_embedder_tokens.bert_model.embeddings.token_type_embeddings.weight
2019-04-20 12:55:52,962 - INFO - allennlp.commands.train - word_embeddings.token_embedder_tokens.bert_model.embeddings.LayerNorm.gamma
2019-04-20 12:55:52,962 - INFO - allennlp.commands.train - word_embeddings.token_embedder_tokens.bert_model.embeddings.LayerNorm.beta
2019-04-20 12:55:52,962 - INFO - allennlp.commands.train - word_embeddings.token_embedder_tokens.bert_model.encoder.layer.0.attention.self.query.weight
2019-04-20 12:55:52,963 - INFO - allennlp.commands.train - word_embeddings.token_embedder_tokens.bert_model.encoder.layer.0.attention.self.query.bias
2019-04-20 12:55:52,963 - INFO - allennlp.commands.train - word_embeddings.token_embedder_tokens.bert_model.encoder.layer.0.attention.self.key.weight
2019-04-20 12:55:52,963 - INFO - allennlp.commands.train - word_embeddings.token_embedder_tokens.bert_model.encoder.layer.0.attention.self.key.bias
2019-04-20 12:55:52,963 - INFO - allennlp.commands.train - word_embeddings.token_embedder_tokens.bert_model.encoder.layer.0.attention.self.value.weight
2019-04-20 12:55:52,963 - INFO - allennlp.commands.train - word_embeddings.token_embedder_tokens.bert_model.encoder.layer.0.attention.self.value.bias
2019-04-20 12:55:52,963 - INFO - allennlp.commands.train - word_embeddings.token_embedder_tokens.bert_model.encoder.layer.0.attention.output.dense.weight
2019-04-20 12:55:52,963 - INFO - allennlp.commands.train - word_embeddings.token_embedder_tokens.bert_model.encoder.layer.0.attention.output.dense.bias
2019-04-20 12:55:52,963 - INFO - allennlp.commands.train - word_embeddings.token_embedder_tokens.bert_model.encoder.layer.0.attention.output.LayerNorm.gamma
2019-04-20 12:55:52,963 - INFO - allennlp.commands.train - word_embeddings.token_embedder_tokens.bert_model.encoder.layer.0.attention.output.LayerNorm.beta
2019-04-20 12:55:52,963 - INFO - allennlp.commands.train - word_embeddings.token_embedder_tokens.bert_model.encoder.layer.0.intermediate.dense.weight
2019-04-20 12:55:52,963 - INFO - allennlp.commands.train - word_embeddings.token_embedder_tokens.bert_model.encoder.layer.0.intermediate.dense.bias
2019-04-20 12:55:52,963 - INFO - allennlp.commands.train - word_embeddings.token_embedder_tokens.bert_model.encoder.layer.0.output.dense.weight
2019-04-20 12:55:52,963 - INFO - allennlp.commands.train - word_embeddings.token_embedder_tokens.bert_model.encoder.layer.0.output.dense.bias
2019-04-20 12:55:52,963 - INFO - allennlp.commands.train - word_embeddings.token_embedder_tokens.bert_model.encoder.layer.0.output.LayerNorm.gamma
2019-04-20 12:55:52,963 - INFO - allennlp.commands.train - word_embeddings.token_embedder_tokens.bert_model.encoder.layer.0.output.LayerNorm.beta
2019-04-20 12:55:52,963 - INFO - allennlp.commands.train - word_embeddings.token_embedder_tokens.bert_model.encoder.layer.1.attention.self.query.weight
2019-04-20 12:55:52,963 - INFO - allennlp.commands.train - word_embeddings.token_embedder_tokens.bert_model.encoder.layer.1.attention.self.query.bias
2019-04-20 12:55:52,963 - INFO - allennlp.commands.train - word_embeddings.token_embedder_tokens.bert_model.encoder.layer.1.attention.self.key.weight
2019-04-20 12:55:52,963 - INFO - allennlp.commands.train - word_embeddings.token_embedder_tokens.bert_model.encoder.layer.1.attention.self.key.bias
2019-04-20 12:55:52,963 - INFO - allennlp.commands.train - word_embeddings.token_embedder_tokens.bert_model.encoder.layer.1.attention.self.value.weight
2019-04-20 12:55:52,963 - INFO - allennlp.commands.train - word_embeddings.token_embedder_tokens.bert_model.encoder.layer.1.attention.self.value.bias
2019-04-20 12:55:52,963 - INFO - allennlp.commands.train - word_embeddings.token_embedder_tokens.bert_model.encoder.layer.1.attention.output.dense.weight
2019-04-20 12:55:52,963 - INFO - allennlp.commands.train - word_embeddings.token_embedder_tokens.bert_model.encoder.layer.1.attention.output.dense.bias
2019-04-20 12:55:52,963 - INFO - allennlp.commands.train - word_embeddings.token_embedder_tokens.bert_model.encoder.layer.1.attention.output.LayerNorm.gamma
2019-04-20 12:55:52,963 - INFO - allennlp.commands.train - word_embeddings.token_embedder_tokens.bert_model.encoder.layer.1.attention.output.LayerNorm.beta
2019-04-20 12:55:52,963 - INFO - allennlp.commands.train - word_embeddings.token_embedder_tokens.bert_model.encoder.layer.1.intermediate.dense.weight
2019-04-20 12:55:52,963 - INFO - allennlp.commands.train - word_embeddings.token_embedder_tokens.bert_model.encoder.layer.1.intermediate.dense.bias
2019-04-20 12:55:52,964 - INFO - allennlp.commands.train - word_embeddings.token_embedder_tokens.bert_model.encoder.layer.1.output.dense.weight
2019-04-20 12:55:52,964 - INFO - allennlp.commands.train - word_embeddings.token_embedder_tokens.bert_model.encoder.layer.1.output.dense.bias
2019-04-20 12:55:52,964 - INFO - allennlp.commands.train - word_embeddings.token_embedder_tokens.bert_model.encoder.layer.1.output.LayerNorm.gamma
2019-04-20 12:55:52,964 - INFO - allennlp.commands.train - word_embeddings.token_embedder_tokens.bert_model.encoder.layer.1.output.LayerNorm.beta
2019-04-20 12:55:52,964 - INFO - allennlp.commands.train - word_embeddings.token_embedder_tokens.bert_model.encoder.layer.2.attention.self.query.weight
2019-04-20 12:55:52,964 - INFO - allennlp.commands.train - word_embeddings.token_embedder_tokens.bert_model.encoder.layer.2.attention.self.query.bias
2019-04-20 12:55:52,964 - INFO - allennlp.commands.train - word_embeddings.token_embedder_tokens.bert_model.encoder.layer.2.attention.self.key.weight
2019-04-20 12:55:52,964 - INFO - allennlp.commands.train - word_embeddings.token_embedder_tokens.bert_model.encoder.layer.2.attention.self.key.bias
2019-04-20 12:55:52,964 - INFO - allennlp.commands.train - word_embeddings.token_embedder_tokens.bert_model.encoder.layer.2.attention.self.value.weight
2019-04-20 12:55:52,964 - INFO - allennlp.commands.train - word_embeddings.token_embedder_tokens.bert_model.encoder.layer.2.attention.self.value.bias
2019-04-20 12:55:52,964 - INFO - allennlp.commands.train - word_embeddings.token_embedder_tokens.bert_model.encoder.layer.2.attention.output.dense.weight
2019-04-20 12:55:52,964 - INFO - allennlp.commands.train - word_embeddings.token_embedder_tokens.bert_model.encoder.layer.2.attention.output.dense.bias
2019-04-20 12:55:52,964 - INFO - allennlp.commands.train - word_embeddings.token_embedder_tokens.bert_model.encoder.layer.2.attention.output.LayerNorm.gamma
2019-04-20 12:55:52,964 - INFO - allennlp.commands.train - word_embeddings.token_embedder_tokens.bert_model.encoder.layer.2.attention.output.LayerNorm.beta
2019-04-20 12:55:52,964 - INFO - allennlp.commands.train - word_embeddings.token_embedder_tokens.bert_model.encoder.layer.2.intermediate.dense.weight
2019-04-20 12:55:52,964 - INFO - allennlp.commands.train - word_embeddings.token_embedder_tokens.bert_model.encoder.layer.2.intermediate.dense.bias
2019-04-20 12:55:52,964 - INFO - allennlp.commands.train - word_embeddings.token_embedder_tokens.bert_model.encoder.layer.2.output.dense.weight
2019-04-20 12:55:52,964 - INFO - allennlp.commands.train - word_embeddings.token_embedder_tokens.bert_model.encoder.layer.2.output.dense.bias
2019-04-20 12:55:52,964 - INFO - allennlp.commands.train - word_embeddings.token_embedder_tokens.bert_model.encoder.layer.2.output.LayerNorm.gamma
2019-04-20 12:55:52,964 - INFO - allennlp.commands.train - word_embeddings.token_embedder_tokens.bert_model.encoder.layer.2.output.LayerNorm.beta
2019-04-20 12:55:52,964 - INFO - allennlp.commands.train - word_embeddings.token_embedder_tokens.bert_model.encoder.layer.3.attention.self.query.weight
2019-04-20 12:55:52,964 - INFO - allennlp.commands.train - word_embeddings.token_embedder_tokens.bert_model.encoder.layer.3.attention.self.query.bias
2019-04-20 12:55:52,964 - INFO - allennlp.commands.train - word_embeddings.token_embedder_tokens.bert_model.encoder.layer.3.attention.self.key.weight
2019-04-20 12:55:52,964 - INFO - allennlp.commands.train - word_embeddings.token_embedder_tokens.bert_model.encoder.layer.3.attention.self.key.bias
2019-04-20 12:55:52,964 - INFO - allennlp.commands.train - word_embeddings.token_embedder_tokens.bert_model.encoder.layer.3.attention.self.value.weight
2019-04-20 12:55:52,964 - INFO - allennlp.commands.train - word_embeddings.token_embedder_tokens.bert_model.encoder.layer.3.attention.self.value.bias
2019-04-20 12:55:52,964 - INFO - allennlp.commands.train - word_embeddings.token_embedder_tokens.bert_model.encoder.layer.3.attention.output.dense.weight
2019-04-20 12:55:52,965 - INFO - allennlp.commands.train - word_embeddings.token_embedder_tokens.bert_model.encoder.layer.3.attention.output.dense.bias
2019-04-20 12:55:52,965 - INFO - allennlp.commands.train - word_embeddings.token_embedder_tokens.bert_model.encoder.layer.3.attention.output.LayerNorm.gamma
2019-04-20 12:55:52,965 - INFO - allennlp.commands.train - word_embeddings.token_embedder_tokens.bert_model.encoder.layer.3.attention.output.LayerNorm.beta
2019-04-20 12:55:52,965 - INFO - allennlp.commands.train - word_embeddings.token_embedder_tokens.bert_model.encoder.layer.3.intermediate.dense.weight
2019-04-20 12:55:52,965 - INFO - allennlp.commands.train - word_embeddings.token_embedder_tokens.bert_model.encoder.layer.3.intermediate.dense.bias
2019-04-20 12:55:52,965 - INFO - allennlp.commands.train - word_embeddings.token_embedder_tokens.bert_model.encoder.layer.3.output.dense.weight
2019-04-20 12:55:52,965 - INFO - allennlp.commands.train - word_embeddings.token_embedder_tokens.bert_model.encoder.layer.3.output.dense.bias
2019-04-20 12:55:52,965 - INFO - allennlp.commands.train - word_embeddings.token_embedder_tokens.bert_model.encoder.layer.3.output.LayerNorm.gamma
2019-04-20 12:55:52,965 - INFO - allennlp.commands.train - word_embeddings.token_embedder_tokens.bert_model.encoder.layer.3.output.LayerNorm.beta
2019-04-20 12:55:52,965 - INFO - allennlp.commands.train - word_embeddings.token_embedder_tokens.bert_model.encoder.layer.4.attention.self.query.weight
2019-04-20 12:55:52,965 - INFO - allennlp.commands.train - word_embeddings.token_embedder_tokens.bert_model.encoder.layer.4.attention.self.query.bias
2019-04-20 12:55:52,965 - INFO - allennlp.commands.train - word_embeddings.token_embedder_tokens.bert_model.encoder.layer.4.attention.self.key.weight
2019-04-20 12:55:52,965 - INFO - allennlp.commands.train - word_embeddings.token_embedder_tokens.bert_model.encoder.layer.4.attention.self.key.bias
2019-04-20 12:55:52,965 - INFO - allennlp.commands.train - word_embeddings.token_embedder_tokens.bert_model.encoder.layer.4.attention.self.value.weight
2019-04-20 12:55:52,965 - INFO - allennlp.commands.train - word_embeddings.token_embedder_tokens.bert_model.encoder.layer.4.attention.self.value.bias
2019-04-20 12:55:52,965 - INFO - allennlp.commands.train - word_embeddings.token_embedder_tokens.bert_model.encoder.layer.4.attention.output.dense.weight
2019-04-20 12:55:52,965 - INFO - allennlp.commands.train - word_embeddings.token_embedder_tokens.bert_model.encoder.layer.4.attention.output.dense.bias
2019-04-20 12:55:52,965 - INFO - allennlp.commands.train - word_embeddings.token_embedder_tokens.bert_model.encoder.layer.4.attention.output.LayerNorm.gamma
2019-04-20 12:55:52,965 - INFO - allennlp.commands.train - word_embeddings.token_embedder_tokens.bert_model.encoder.layer.4.attention.output.LayerNorm.beta
2019-04-20 12:55:52,965 - INFO - allennlp.commands.train - word_embeddings.token_embedder_tokens.bert_model.encoder.layer.4.intermediate.dense.weight
2019-04-20 12:55:52,965 - INFO - allennlp.commands.train - word_embeddings.token_embedder_tokens.bert_model.encoder.layer.4.intermediate.dense.bias
2019-04-20 12:55:52,965 - INFO - allennlp.commands.train - word_embeddings.token_embedder_tokens.bert_model.encoder.layer.4.output.dense.weight
2019-04-20 12:55:52,965 - INFO - allennlp.commands.train - word_embeddings.token_embedder_tokens.bert_model.encoder.layer.4.output.dense.bias
2019-04-20 12:55:52,965 - INFO - allennlp.commands.train - word_embeddings.token_embedder_tokens.bert_model.encoder.layer.4.output.LayerNorm.gamma
2019-04-20 12:55:52,965 - INFO - allennlp.commands.train - word_embeddings.token_embedder_tokens.bert_model.encoder.layer.4.output.LayerNorm.beta
2019-04-20 12:55:52,965 - INFO - allennlp.commands.train - word_embeddings.token_embedder_tokens.bert_model.encoder.layer.5.attention.self.query.weight
2019-04-20 12:55:52,965 - INFO - allennlp.commands.train - word_embeddings.token_embedder_tokens.bert_model.encoder.layer.5.attention.self.query.bias
2019-04-20 12:55:52,966 - INFO - allennlp.commands.train - word_embeddings.token_embedder_tokens.bert_model.encoder.layer.5.attention.self.key.weight
2019-04-20 12:55:52,966 - INFO - allennlp.commands.train - word_embeddings.token_embedder_tokens.bert_model.encoder.layer.5.attention.self.key.bias
2019-04-20 12:55:52,966 - INFO - allennlp.commands.train - word_embeddings.token_embedder_tokens.bert_model.encoder.layer.5.attention.self.value.weight
2019-04-20 12:55:52,966 - INFO - allennlp.commands.train - word_embeddings.token_embedder_tokens.bert_model.encoder.layer.5.attention.self.value.bias
2019-04-20 12:55:52,966 - INFO - allennlp.commands.train - word_embeddings.token_embedder_tokens.bert_model.encoder.layer.5.attention.output.dense.weight
2019-04-20 12:55:52,966 - INFO - allennlp.commands.train - word_embeddings.token_embedder_tokens.bert_model.encoder.layer.5.attention.output.dense.bias
2019-04-20 12:55:52,966 - INFO - allennlp.commands.train - word_embeddings.token_embedder_tokens.bert_model.encoder.layer.5.attention.output.LayerNorm.gamma
2019-04-20 12:55:52,966 - INFO - allennlp.commands.train - word_embeddings.token_embedder_tokens.bert_model.encoder.layer.5.attention.output.LayerNorm.beta
2019-04-20 12:55:52,966 - INFO - allennlp.commands.train - word_embeddings.token_embedder_tokens.bert_model.encoder.layer.5.intermediate.dense.weight
2019-04-20 12:55:52,966 - INFO - allennlp.commands.train - word_embeddings.token_embedder_tokens.bert_model.encoder.layer.5.intermediate.dense.bias
2019-04-20 12:55:52,966 - INFO - allennlp.commands.train - word_embeddings.token_embedder_tokens.bert_model.encoder.layer.5.output.dense.weight
2019-04-20 12:55:52,966 - INFO - allennlp.commands.train - word_embeddings.token_embedder_tokens.bert_model.encoder.layer.5.output.dense.bias
2019-04-20 12:55:52,966 - INFO - allennlp.commands.train - word_embeddings.token_embedder_tokens.bert_model.encoder.layer.5.output.LayerNorm.gamma
2019-04-20 12:55:52,966 - INFO - allennlp.commands.train - word_embeddings.token_embedder_tokens.bert_model.encoder.layer.5.output.LayerNorm.beta
2019-04-20 12:55:52,966 - INFO - allennlp.commands.train - word_embeddings.token_embedder_tokens.bert_model.encoder.layer.6.attention.self.query.weight
2019-04-20 12:55:52,966 - INFO - allennlp.commands.train - word_embeddings.token_embedder_tokens.bert_model.encoder.layer.6.attention.self.query.bias
2019-04-20 12:55:52,966 - INFO - allennlp.commands.train - word_embeddings.token_embedder_tokens.bert_model.encoder.layer.6.attention.self.key.weight
2019-04-20 12:55:52,966 - INFO - allennlp.commands.train - word_embeddings.token_embedder_tokens.bert_model.encoder.layer.6.attention.self.key.bias
2019-04-20 12:55:52,966 - INFO - allennlp.commands.train - word_embeddings.token_embedder_tokens.bert_model.encoder.layer.6.attention.self.value.weight
2019-04-20 12:55:52,966 - INFO - allennlp.commands.train - word_embeddings.token_embedder_tokens.bert_model.encoder.layer.6.attention.self.value.bias
2019-04-20 12:55:52,966 - INFO - allennlp.commands.train - word_embeddings.token_embedder_tokens.bert_model.encoder.layer.6.attention.output.dense.weight
2019-04-20 12:55:52,966 - INFO - allennlp.commands.train - word_embeddings.token_embedder_tokens.bert_model.encoder.layer.6.attention.output.dense.bias
2019-04-20 12:55:52,966 - INFO - allennlp.commands.train - word_embeddings.token_embedder_tokens.bert_model.encoder.layer.6.attention.output.LayerNorm.gamma
2019-04-20 12:55:52,966 - INFO - allennlp.commands.train - word_embeddings.token_embedder_tokens.bert_model.encoder.layer.6.attention.output.LayerNorm.beta
2019-04-20 12:55:52,966 - INFO - allennlp.commands.train - word_embeddings.token_embedder_tokens.bert_model.encoder.layer.6.intermediate.dense.weight
2019-04-20 12:55:52,966 - INFO - allennlp.commands.train - word_embeddings.token_embedder_tokens.bert_model.encoder.layer.6.intermediate.dense.bias
2019-04-20 12:55:52,966 - INFO - allennlp.commands.train - word_embeddings.token_embedder_tokens.bert_model.encoder.layer.6.output.dense.weight
2019-04-20 12:55:52,967 - INFO - allennlp.commands.train - word_embeddings.token_embedder_tokens.bert_model.encoder.layer.6.output.dense.bias
2019-04-20 12:55:52,967 - INFO - allennlp.commands.train - word_embeddings.token_embedder_tokens.bert_model.encoder.layer.6.output.LayerNorm.gamma
2019-04-20 12:55:52,967 - INFO - allennlp.commands.train - word_embeddings.token_embedder_tokens.bert_model.encoder.layer.6.output.LayerNorm.beta
2019-04-20 12:55:52,967 - INFO - allennlp.commands.train - word_embeddings.token_embedder_tokens.bert_model.encoder.layer.7.attention.self.query.weight
2019-04-20 12:55:52,967 - INFO - allennlp.commands.train - word_embeddings.token_embedder_tokens.bert_model.encoder.layer.7.attention.self.query.bias
2019-04-20 12:55:52,967 - INFO - allennlp.commands.train - word_embeddings.token_embedder_tokens.bert_model.encoder.layer.7.attention.self.key.weight
2019-04-20 12:55:52,967 - INFO - allennlp.commands.train - word_embeddings.token_embedder_tokens.bert_model.encoder.layer.7.attention.self.key.bias
2019-04-20 12:55:52,967 - INFO - allennlp.commands.train - word_embeddings.token_embedder_tokens.bert_model.encoder.layer.7.attention.self.value.weight
2019-04-20 12:55:52,967 - INFO - allennlp.commands.train - word_embeddings.token_embedder_tokens.bert_model.encoder.layer.7.attention.self.value.bias
2019-04-20 12:55:52,967 - INFO - allennlp.commands.train - word_embeddings.token_embedder_tokens.bert_model.encoder.layer.7.attention.output.dense.weight
2019-04-20 12:55:52,967 - INFO - allennlp.commands.train - word_embeddings.token_embedder_tokens.bert_model.encoder.layer.7.attention.output.dense.bias
2019-04-20 12:55:52,967 - INFO - allennlp.commands.train - word_embeddings.token_embedder_tokens.bert_model.encoder.layer.7.attention.output.LayerNorm.gamma
2019-04-20 12:55:52,967 - INFO - allennlp.commands.train - word_embeddings.token_embedder_tokens.bert_model.encoder.layer.7.attention.output.LayerNorm.beta
2019-04-20 12:55:52,967 - INFO - allennlp.commands.train - word_embeddings.token_embedder_tokens.bert_model.encoder.layer.7.intermediate.dense.weight
2019-04-20 12:55:52,967 - INFO - allennlp.commands.train - word_embeddings.token_embedder_tokens.bert_model.encoder.layer.7.intermediate.dense.bias
2019-04-20 12:55:52,967 - INFO - allennlp.commands.train - word_embeddings.token_embedder_tokens.bert_model.encoder.layer.7.output.dense.weight
2019-04-20 12:55:52,967 - INFO - allennlp.commands.train - word_embeddings.token_embedder_tokens.bert_model.encoder.layer.7.output.dense.bias
2019-04-20 12:55:52,967 - INFO - allennlp.commands.train - word_embeddings.token_embedder_tokens.bert_model.encoder.layer.7.output.LayerNorm.gamma
2019-04-20 12:55:52,967 - INFO - allennlp.commands.train - word_embeddings.token_embedder_tokens.bert_model.encoder.layer.7.output.LayerNorm.beta
2019-04-20 12:55:52,967 - INFO - allennlp.commands.train - word_embeddings.token_embedder_tokens.bert_model.encoder.layer.8.attention.self.query.weight
2019-04-20 12:55:52,967 - INFO - allennlp.commands.train - word_embeddings.token_embedder_tokens.bert_model.encoder.layer.8.attention.self.query.bias
2019-04-20 12:55:52,967 - INFO - allennlp.commands.train - word_embeddings.token_embedder_tokens.bert_model.encoder.layer.8.attention.self.key.weight
2019-04-20 12:55:52,967 - INFO - allennlp.commands.train - word_embeddings.token_embedder_tokens.bert_model.encoder.layer.8.attention.self.key.bias
2019-04-20 12:55:52,967 - INFO - allennlp.commands.train - word_embeddings.token_embedder_tokens.bert_model.encoder.layer.8.attention.self.value.weight
2019-04-20 12:55:52,967 - INFO - allennlp.commands.train - word_embeddings.token_embedder_tokens.bert_model.encoder.layer.8.attention.self.value.bias
2019-04-20 12:55:52,967 - INFO - allennlp.commands.train - word_embeddings.token_embedder_tokens.bert_model.encoder.layer.8.attention.output.dense.weight
2019-04-20 12:55:52,967 - INFO - allennlp.commands.train - word_embeddings.token_embedder_tokens.bert_model.encoder.layer.8.attention.output.dense.bias
2019-04-20 12:55:52,968 - INFO - allennlp.commands.train - word_embeddings.token_embedder_tokens.bert_model.encoder.layer.8.attention.output.LayerNorm.gamma
2019-04-20 12:55:52,968 - INFO - allennlp.commands.train - word_embeddings.token_embedder_tokens.bert_model.encoder.layer.8.attention.output.LayerNorm.beta
2019-04-20 12:55:52,968 - INFO - allennlp.commands.train - word_embeddings.token_embedder_tokens.bert_model.encoder.layer.8.intermediate.dense.weight
2019-04-20 12:55:52,968 - INFO - allennlp.commands.train - word_embeddings.token_embedder_tokens.bert_model.encoder.layer.8.intermediate.dense.bias
2019-04-20 12:55:52,968 - INFO - allennlp.commands.train - word_embeddings.token_embedder_tokens.bert_model.encoder.layer.8.output.dense.weight
2019-04-20 12:55:52,968 - INFO - allennlp.commands.train - word_embeddings.token_embedder_tokens.bert_model.encoder.layer.8.output.dense.bias
2019-04-20 12:55:52,968 - INFO - allennlp.commands.train - word_embeddings.token_embedder_tokens.bert_model.encoder.layer.8.output.LayerNorm.gamma
2019-04-20 12:55:52,968 - INFO - allennlp.commands.train - word_embeddings.token_embedder_tokens.bert_model.encoder.layer.8.output.LayerNorm.beta
2019-04-20 12:55:52,968 - INFO - allennlp.commands.train - word_embeddings.token_embedder_tokens.bert_model.encoder.layer.9.attention.self.query.weight
2019-04-20 12:55:52,968 - INFO - allennlp.commands.train - word_embeddings.token_embedder_tokens.bert_model.encoder.layer.9.attention.self.query.bias
2019-04-20 12:55:52,968 - INFO - allennlp.commands.train - word_embeddings.token_embedder_tokens.bert_model.encoder.layer.9.attention.self.key.weight
2019-04-20 12:55:52,968 - INFO - allennlp.commands.train - word_embeddings.token_embedder_tokens.bert_model.encoder.layer.9.attention.self.key.bias
2019-04-20 12:55:52,968 - INFO - allennlp.commands.train - word_embeddings.token_embedder_tokens.bert_model.encoder.layer.9.attention.self.value.weight
2019-04-20 12:55:52,968 - INFO - allennlp.commands.train - word_embeddings.token_embedder_tokens.bert_model.encoder.layer.9.attention.self.value.bias
2019-04-20 12:55:52,968 - INFO - allennlp.commands.train - word_embeddings.token_embedder_tokens.bert_model.encoder.layer.9.attention.output.dense.weight
2019-04-20 12:55:52,968 - INFO - allennlp.commands.train - word_embeddings.token_embedder_tokens.bert_model.encoder.layer.9.attention.output.dense.bias
2019-04-20 12:55:52,968 - INFO - allennlp.commands.train - word_embeddings.token_embedder_tokens.bert_model.encoder.layer.9.attention.output.LayerNorm.gamma
2019-04-20 12:55:52,968 - INFO - allennlp.commands.train - word_embeddings.token_embedder_tokens.bert_model.encoder.layer.9.attention.output.LayerNorm.beta
2019-04-20 12:55:52,968 - INFO - allennlp.commands.train - word_embeddings.token_embedder_tokens.bert_model.encoder.layer.9.intermediate.dense.weight
2019-04-20 12:55:52,968 - INFO - allennlp.commands.train - word_embeddings.token_embedder_tokens.bert_model.encoder.layer.9.intermediate.dense.bias
2019-04-20 12:55:52,968 - INFO - allennlp.commands.train - word_embeddings.token_embedder_tokens.bert_model.encoder.layer.9.output.dense.weight
2019-04-20 12:55:52,968 - INFO - allennlp.commands.train - word_embeddings.token_embedder_tokens.bert_model.encoder.layer.9.output.dense.bias
2019-04-20 12:55:52,968 - INFO - allennlp.commands.train - word_embeddings.token_embedder_tokens.bert_model.encoder.layer.9.output.LayerNorm.gamma
2019-04-20 12:55:52,968 - INFO - allennlp.commands.train - word_embeddings.token_embedder_tokens.bert_model.encoder.layer.9.output.LayerNorm.beta
2019-04-20 12:55:52,968 - INFO - allennlp.commands.train - word_embeddings.token_embedder_tokens.bert_model.encoder.layer.10.attention.self.query.weight
2019-04-20 12:55:52,969 - INFO - allennlp.commands.train - word_embeddings.token_embedder_tokens.bert_model.encoder.layer.10.attention.self.query.bias
2019-04-20 12:55:52,969 - INFO - allennlp.commands.train - word_embeddings.token_embedder_tokens.bert_model.encoder.layer.10.attention.self.key.weight
2019-04-20 12:55:52,969 - INFO - allennlp.commands.train - word_embeddings.token_embedder_tokens.bert_model.encoder.layer.10.attention.self.key.bias
2019-04-20 12:55:52,969 - INFO - allennlp.commands.train - word_embeddings.token_embedder_tokens.bert_model.encoder.layer.10.attention.self.value.weight
2019-04-20 12:55:52,969 - INFO - allennlp.commands.train - word_embeddings.token_embedder_tokens.bert_model.encoder.layer.10.attention.self.value.bias
2019-04-20 12:55:52,969 - INFO - allennlp.commands.train - word_embeddings.token_embedder_tokens.bert_model.encoder.layer.10.attention.output.dense.weight
2019-04-20 12:55:52,969 - INFO - allennlp.commands.train - word_embeddings.token_embedder_tokens.bert_model.encoder.layer.10.attention.output.dense.bias
2019-04-20 12:55:52,969 - INFO - allennlp.commands.train - word_embeddings.token_embedder_tokens.bert_model.encoder.layer.10.attention.output.LayerNorm.gamma
2019-04-20 12:55:52,969 - INFO - allennlp.commands.train - word_embeddings.token_embedder_tokens.bert_model.encoder.layer.10.attention.output.LayerNorm.beta
2019-04-20 12:55:52,969 - INFO - allennlp.commands.train - word_embeddings.token_embedder_tokens.bert_model.encoder.layer.10.intermediate.dense.weight
2019-04-20 12:55:52,969 - INFO - allennlp.commands.train - word_embeddings.token_embedder_tokens.bert_model.encoder.layer.10.intermediate.dense.bias
2019-04-20 12:55:52,969 - INFO - allennlp.commands.train - word_embeddings.token_embedder_tokens.bert_model.encoder.layer.10.output.dense.weight
2019-04-20 12:55:52,969 - INFO - allennlp.commands.train - word_embeddings.token_embedder_tokens.bert_model.encoder.layer.10.output.dense.bias
2019-04-20 12:55:52,969 - INFO - allennlp.commands.train - word_embeddings.token_embedder_tokens.bert_model.encoder.layer.10.output.LayerNorm.gamma
2019-04-20 12:55:52,969 - INFO - allennlp.commands.train - word_embeddings.token_embedder_tokens.bert_model.encoder.layer.10.output.LayerNorm.beta
2019-04-20 12:55:52,969 - INFO - allennlp.commands.train - word_embeddings.token_embedder_tokens.bert_model.encoder.layer.11.attention.self.query.weight
2019-04-20 12:55:52,969 - INFO - allennlp.commands.train - word_embeddings.token_embedder_tokens.bert_model.encoder.layer.11.attention.self.query.bias
2019-04-20 12:55:52,969 - INFO - allennlp.commands.train - word_embeddings.token_embedder_tokens.bert_model.encoder.layer.11.attention.self.key.weight
2019-04-20 12:55:52,969 - INFO - allennlp.commands.train - word_embeddings.token_embedder_tokens.bert_model.encoder.layer.11.attention.self.key.bias
2019-04-20 12:55:52,969 - INFO - allennlp.commands.train - word_embeddings.token_embedder_tokens.bert_model.encoder.layer.11.attention.self.value.weight
2019-04-20 12:55:52,969 - INFO - allennlp.commands.train - word_embeddings.token_embedder_tokens.bert_model.encoder.layer.11.attention.self.value.bias
2019-04-20 12:55:52,969 - INFO - allennlp.commands.train - word_embeddings.token_embedder_tokens.bert_model.encoder.layer.11.attention.output.dense.weight
2019-04-20 12:55:52,969 - INFO - allennlp.commands.train - word_embeddings.token_embedder_tokens.bert_model.encoder.layer.11.attention.output.dense.bias
2019-04-20 12:55:52,969 - INFO - allennlp.commands.train - word_embeddings.token_embedder_tokens.bert_model.encoder.layer.11.attention.output.LayerNorm.gamma
2019-04-20 12:55:52,969 - INFO - allennlp.commands.train - word_embeddings.token_embedder_tokens.bert_model.encoder.layer.11.attention.output.LayerNorm.beta
2019-04-20 12:55:52,969 - INFO - allennlp.commands.train - word_embeddings.token_embedder_tokens.bert_model.encoder.layer.11.intermediate.dense.weight
2019-04-20 12:55:52,970 - INFO - allennlp.commands.train - word_embeddings.token_embedder_tokens.bert_model.encoder.layer.11.intermediate.dense.bias
2019-04-20 12:55:52,970 - INFO - allennlp.commands.train - word_embeddings.token_embedder_tokens.bert_model.encoder.layer.11.output.dense.weight
2019-04-20 12:55:52,970 - INFO - allennlp.commands.train - word_embeddings.token_embedder_tokens.bert_model.encoder.layer.11.output.dense.bias
2019-04-20 12:55:52,970 - INFO - allennlp.commands.train - word_embeddings.token_embedder_tokens.bert_model.encoder.layer.11.output.LayerNorm.gamma
2019-04-20 12:55:52,970 - INFO - allennlp.commands.train - word_embeddings.token_embedder_tokens.bert_model.encoder.layer.11.output.LayerNorm.beta
2019-04-20 12:55:52,970 - INFO - allennlp.commands.train - word_embeddings.token_embedder_tokens.bert_model.pooler.dense.weight
2019-04-20 12:55:52,970 - INFO - allennlp.commands.train - word_embeddings.token_embedder_tokens.bert_model.pooler.dense.bias
2019-04-20 12:55:52,970 - INFO - allennlp.commands.train - Following parameters are Tunable (with gradient):
2019-04-20 12:55:52,970 - INFO - allennlp.commands.train - word_embeddings.token_embedder_tokens._scalar_mix.gamma
2019-04-20 12:55:52,970 - INFO - allennlp.commands.train - word_embeddings.token_embedder_tokens._scalar_mix.scalar_parameters.0
2019-04-20 12:55:52,970 - INFO - allennlp.commands.train - word_embeddings.token_embedder_tokens._scalar_mix.scalar_parameters.1
2019-04-20 12:55:52,970 - INFO - allennlp.commands.train - word_embeddings.token_embedder_tokens._scalar_mix.scalar_parameters.2
2019-04-20 12:55:52,970 - INFO - allennlp.commands.train - word_embeddings.token_embedder_tokens._scalar_mix.scalar_parameters.3
2019-04-20 12:55:52,970 - INFO - allennlp.commands.train - word_embeddings.token_embedder_tokens._scalar_mix.scalar_parameters.4
2019-04-20 12:55:52,970 - INFO - allennlp.commands.train - word_embeddings.token_embedder_tokens._scalar_mix.scalar_parameters.5
2019-04-20 12:55:52,970 - INFO - allennlp.commands.train - word_embeddings.token_embedder_tokens._scalar_mix.scalar_parameters.6
2019-04-20 12:55:52,970 - INFO - allennlp.commands.train - word_embeddings.token_embedder_tokens._scalar_mix.scalar_parameters.7
2019-04-20 12:55:52,970 - INFO - allennlp.commands.train - word_embeddings.token_embedder_tokens._scalar_mix.scalar_parameters.8
2019-04-20 12:55:52,970 - INFO - allennlp.commands.train - word_embeddings.token_embedder_tokens._scalar_mix.scalar_parameters.9
2019-04-20 12:55:52,970 - INFO - allennlp.commands.train - word_embeddings.token_embedder_tokens._scalar_mix.scalar_parameters.10
2019-04-20 12:55:52,970 - INFO - allennlp.commands.train - word_embeddings.token_embedder_tokens._scalar_mix.scalar_parameters.11
2019-04-20 12:55:52,970 - INFO - allennlp.commands.train - encoder._module.weight_ih_l0
2019-04-20 12:55:52,970 - INFO - allennlp.commands.train - encoder._module.weight_hh_l0
2019-04-20 12:55:52,971 - INFO - allennlp.commands.train - encoder._module.bias_ih_l0
2019-04-20 12:55:52,971 - INFO - allennlp.commands.train - encoder._module.bias_hh_l0
2019-04-20 12:55:52,971 - INFO - allennlp.commands.train - linear.weight
2019-04-20 12:55:52,971 - INFO - allennlp.commands.train - linear.bias
2019-04-20 12:55:52,971 - INFO - allennlp.common.params - trainer.type = default
2019-04-20 12:55:52,971 - INFO - allennlp.common.params - trainer.patience = 5
2019-04-20 12:55:52,971 - INFO - allennlp.common.params - trainer.validation_metric = -loss
2019-04-20 12:55:52,971 - INFO - allennlp.common.params - trainer.shuffle = True
2019-04-20 12:55:52,971 - INFO - allennlp.common.params - trainer.num_epochs = 20
2019-04-20 12:55:52,971 - INFO - allennlp.common.params - trainer.cuda_device = -1
2019-04-20 12:55:52,971 - INFO - allennlp.common.params - trainer.grad_norm = None
2019-04-20 12:55:52,971 - INFO - allennlp.common.params - trainer.grad_clipping = None
2019-04-20 12:55:52,971 - INFO - allennlp.common.params - trainer.learning_rate_scheduler = None
2019-04-20 12:55:52,972 - INFO - allennlp.common.params - trainer.optimizer = adam
2019-04-20 12:55:52,972 - INFO - allennlp.common.params - parameter_groups = None
2019-04-20 12:55:52,972 - INFO - allennlp.training.optimizers - Number of trainable parameters: 460434
2019-04-20 12:55:52,973 - INFO - allennlp.common.params - Converting Params object to dict; logging of default values will not occur when dictionary parameters are used subsequently.
2019-04-20 12:55:52,973 - INFO - allennlp.common.params - CURRENTLY DEFINED PARAMETERS: 
2019-04-20 12:55:52,973 - INFO - allennlp.common.params - trainer.num_serialized_models_to_keep = 20
2019-04-20 12:55:52,973 - INFO - allennlp.common.params - trainer.keep_serialized_model_every_num_seconds = None
2019-04-20 12:55:52,973 - INFO - allennlp.common.params - trainer.model_save_interval = None
2019-04-20 12:55:52,973 - INFO - allennlp.common.params - trainer.summary_interval = 100
2019-04-20 12:55:52,973 - INFO - allennlp.common.params - trainer.histogram_interval = None
2019-04-20 12:55:52,973 - INFO - allennlp.common.params - trainer.should_log_parameter_statistics = True
2019-04-20 12:55:52,973 - INFO - allennlp.common.params - trainer.should_log_learning_rate = False
2019-04-20 12:55:52,973 - INFO - allennlp.common.params - trainer.log_batch_size_period = None
2019-04-20 12:55:52,974 - INFO - allennlp.common.params - evaluate_on_test = False
2019-04-20 12:55:52,974 - INFO - allennlp.training.trainer - Beginning training.
2019-04-20 12:55:52,974 - INFO - allennlp.training.trainer - Epoch 0/19
2019-04-20 12:55:52,975 - INFO - allennlp.training.trainer - Peak CPU memory usage MB: 1188.428
2019-04-20 12:55:53,002 - INFO - allennlp.training.trainer - Training
2019-04-20 13:00:58,089 - INFO - allennlp.training.trainer - Validating
2019-04-20 13:01:33,270 - INFO - allennlp.training.trainer -                   Training |  Validation
2019-04-20 13:01:33,271 - INFO - allennlp.training.trainer - precision     |     0.460  |     0.456
2019-04-20 13:01:33,271 - INFO - allennlp.training.trainer - recall        |     0.111  |     0.374
2019-04-20 13:01:33,272 - INFO - allennlp.training.trainer - loss          |     1.321  |     1.264
2019-04-20 13:01:33,272 - INFO - allennlp.training.trainer - accuracy      |     0.417  |     0.412
2019-04-20 13:01:33,272 - INFO - allennlp.training.trainer - cpu_memory_MB |  1188.428  |       N/A
2019-04-20 13:01:33,272 - INFO - allennlp.training.trainer - f1_measure    |     0.179  |     0.411
2019-04-20 13:01:33,504 - INFO - allennlp.training.trainer - Best validation performance so far. Copying weights to 'bert_model/best.th'.
2019-04-20 13:01:33,781 - INFO - allennlp.training.trainer - Epoch duration: 00:05:40
2019-04-20 13:01:33,781 - INFO - allennlp.training.trainer - Estimated training time remaining: 1:47:55
2019-04-20 13:01:33,781 - INFO - allennlp.training.trainer - Epoch 1/19
2019-04-20 13:01:33,781 - INFO - allennlp.training.trainer - Peak CPU memory usage MB: 1692.352
2019-04-20 13:01:33,817 - INFO - allennlp.training.trainer - Training
2019-04-20 13:06:39,581 - INFO - allennlp.training.trainer - Validating
2019-04-20 13:07:15,028 - INFO - allennlp.training.trainer -                   Training |  Validation
2019-04-20 13:07:15,029 - INFO - allennlp.training.trainer - precision     |     0.534  |     0.529
2019-04-20 13:07:15,029 - INFO - allennlp.training.trainer - recall        |     0.321  |     0.194
2019-04-20 13:07:15,029 - INFO - allennlp.training.trainer - loss          |     1.140  |     1.199
2019-04-20 13:07:15,029 - INFO - allennlp.training.trainer - accuracy      |     0.509  |     0.459
2019-04-20 13:07:15,030 - INFO - allennlp.training.trainer - cpu_memory_MB |  1692.352  |       N/A
2019-04-20 13:07:15,030 - INFO - allennlp.training.trainer - f1_measure    |     0.400  |     0.284
2019-04-20 13:07:15,261 - INFO - allennlp.training.trainer - Best validation performance so far. Copying weights to 'bert_model/best.th'.
2019-04-20 13:07:16,060 - INFO - allennlp.training.trainer - Epoch duration: 00:05:42
2019-04-20 13:07:16,061 - INFO - allennlp.training.trainer - Estimated training time remaining: 1:42:27
2019-04-20 13:07:16,061 - INFO - allennlp.training.trainer - Epoch 2/19
2019-04-20 13:07:16,061 - INFO - allennlp.training.trainer - Peak CPU memory usage MB: 1692.352
2019-04-20 13:07:16,107 - INFO - allennlp.training.trainer - Training
2019-04-20 13:12:21,559 - INFO - allennlp.training.trainer - Validating
2019-04-20 13:12:56,996 - INFO - allennlp.training.trainer -                   Training |  Validation
2019-04-20 13:12:56,997 - INFO - allennlp.training.trainer - precision     |     0.599  |     0.417
2019-04-20 13:12:56,997 - INFO - allennlp.training.trainer - recall        |     0.413  |     0.468
2019-04-20 13:12:56,997 - INFO - allennlp.training.trainer - loss          |     1.014  |     1.219
2019-04-20 13:12:56,997 - INFO - allennlp.training.trainer - accuracy      |     0.568  |     0.468
2019-04-20 13:12:56,997 - INFO - allennlp.training.trainer - cpu_memory_MB |  1692.352  |       N/A
2019-04-20 13:12:56,997 - INFO - allennlp.training.trainer - f1_measure    |     0.489  |     0.441
2019-04-20 13:12:57,230 - INFO - allennlp.training.trainer - Epoch duration: 00:05:41
2019-04-20 13:12:57,230 - INFO - allennlp.training.trainer - Estimated training time remaining: 1:36:44
2019-04-20 13:12:57,231 - INFO - allennlp.training.trainer - Epoch 3/19
2019-04-20 13:12:57,231 - INFO - allennlp.training.trainer - Peak CPU memory usage MB: 1692.352
2019-04-20 13:12:57,266 - INFO - allennlp.training.trainer - Training
2019-04-20 13:18:01,925 - INFO - allennlp.training.trainer - Validating
2019-04-20 13:18:37,250 - INFO - allennlp.training.trainer -                   Training |  Validation
2019-04-20 13:18:37,250 - INFO - allennlp.training.trainer - precision     |     0.690  |     0.432
2019-04-20 13:18:37,251 - INFO - allennlp.training.trainer - recall        |     0.541  |     0.453
2019-04-20 13:18:37,251 - INFO - allennlp.training.trainer - loss          |     0.849  |     1.279
2019-04-20 13:18:37,251 - INFO - allennlp.training.trainer - accuracy      |     0.657  |     0.477
2019-04-20 13:18:37,251 - INFO - allennlp.training.trainer - cpu_memory_MB |  1692.352  |       N/A
2019-04-20 13:18:37,251 - INFO - allennlp.training.trainer - f1_measure    |     0.606  |     0.442
2019-04-20 13:18:37,484 - INFO - allennlp.training.trainer - Epoch duration: 00:05:40
2019-04-20 13:18:37,484 - INFO - allennlp.training.trainer - Estimated training time remaining: 1:30:58
2019-04-20 13:18:37,485 - INFO - allennlp.training.trainer - Epoch 4/19
2019-04-20 13:18:37,485 - INFO - allennlp.training.trainer - Peak CPU memory usage MB: 1692.352
2019-04-20 13:18:37,520 - INFO - allennlp.training.trainer - Training
2019-04-20 13:23:54,142 - INFO - allennlp.training.trainer - Validating
2019-04-20 13:24:36,621 - INFO - allennlp.training.trainer -                   Training |  Validation
2019-04-20 13:24:36,621 - INFO - allennlp.training.trainer - precision     |     0.765  |     0.407
2019-04-20 13:24:36,621 - INFO - allennlp.training.trainer - recall        |     0.681  |     0.396
2019-04-20 13:24:36,622 - INFO - allennlp.training.trainer - loss          |     0.643  |     1.485
2019-04-20 13:24:36,622 - INFO - allennlp.training.trainer - accuracy      |     0.750  |     0.443
2019-04-20 13:24:36,622 - INFO - allennlp.training.trainer - cpu_memory_MB |  1692.352  |       N/A
2019-04-20 13:24:36,622 - INFO - allennlp.training.trainer - f1_measure    |     0.721  |     0.401
2019-04-20 13:24:36,872 - INFO - allennlp.training.trainer - Epoch duration: 00:05:59
2019-04-20 13:24:36,872 - INFO - allennlp.training.trainer - Estimated training time remaining: 1:26:11
2019-04-20 13:24:36,872 - INFO - allennlp.training.trainer - Epoch 5/19
2019-04-20 13:24:36,872 - INFO - allennlp.training.trainer - Peak CPU memory usage MB: 1692.352
2019-04-20 13:24:36,908 - INFO - allennlp.training.trainer - Training
2019-04-20 13:30:06,184 - INFO - allennlp.training.trainer - Validating
2019-04-20 13:30:42,646 - INFO - allennlp.training.trainer -                   Training |  Validation
2019-04-20 13:30:42,647 - INFO - allennlp.training.trainer - precision     |     0.844  |     0.394
2019-04-20 13:30:42,647 - INFO - allennlp.training.trainer - recall        |     0.795  |     0.403
2019-04-20 13:30:42,647 - INFO - allennlp.training.trainer - loss          |     0.447  |     1.547
2019-04-20 13:30:42,647 - INFO - allennlp.training.trainer - accuracy      |     0.833  |     0.449
2019-04-20 13:30:42,648 - INFO - allennlp.training.trainer - cpu_memory_MB |  1692.352  |       N/A
2019-04-20 13:30:42,648 - INFO - allennlp.training.trainer - f1_measure    |     0.818  |     0.399
2019-04-20 13:30:42,879 - INFO - allennlp.training.trainer - Epoch duration: 00:06:06
2019-04-20 13:30:42,879 - INFO - allennlp.training.trainer - Estimated training time remaining: 1:21:16
2019-04-20 13:30:42,879 - INFO - allennlp.training.trainer - Epoch 6/19
2019-04-20 13:30:42,879 - INFO - allennlp.training.trainer - Peak CPU memory usage MB: 1692.352
2019-04-20 13:30:42,913 - INFO - allennlp.training.trainer - Training
2019-04-20 13:35:55,398 - INFO - allennlp.training.trainer - Validating
2019-04-20 13:36:32,148 - INFO - allennlp.training.trainer - Ran out of patience.  Stopping training.
2019-04-20 13:36:32,148 - INFO - allennlp.models.archival - archiving weights and vocabulary to bert_model/model.tar.gz
2019-04-20 13:36:51,234 - INFO - allennlp.commands.train - Loading the best epoch weights.
2019-04-20 13:36:51,578 - INFO - allennlp.common.util - Metrics: {
  "peak_cpu_memory_MB": 1692.352,
  "training_duration": "00:34:49",
  "training_start_epoch": 0,
  "training_epochs": 5,
  "epoch": 5,
  "training_accuracy": 0.8332162921348315,
  "training_precision": 0.8435374149659864,
  "training_recall": 0.7948717948717948,
  "training_f1_measure": 0.8184818481847687,
  "training_loss": 0.44680631495593637,
  "training_cpu_memory_MB": 1692.352,
  "validation_accuracy": 0.44868301544050865,
  "validation_precision": 0.39436619718309857,
  "validation_recall": 0.4028776978417266,
  "validation_f1_measure": 0.398576512455466,
  "validation_loss": 1.5471659728458949,
  "best_epoch": 1,
  "best_validation_accuracy": 0.4586739327883742,
  "best_validation_precision": 0.5294117647058824,
  "best_validation_recall": 0.19424460431654678,
  "best_validation_f1_measure": 0.2842105263157502,
  "best_validation_loss": 1.1987418225833348
}
